<?xml version="1.0" encoding="UTF-8"?>
<!-- Generated by org.testng.reporters.JUnitReportReporter -->
<testsuite hostname="LAPTOP-NTRBQKE1" name="qantas.task.qantas" tests="1" failures="0" timestamp="10 Dec 2019 09:05:42 GMT" time="13.353" errors="0">
  <testcase name="validateSite" time="13.353" classname="qantas.task.qantas"/>
</testsuite> <!-- qantas.task.qantas -->
