<?xml version="1.0" encoding="UTF-8"?>
<!-- Generated by org.testng.reporters.JUnitReportReporter -->
<testsuite hostname="LAPTOP-NTRBQKE1" name="qantas.task.QantasTest" tests="1" failures="0" timestamp="10 Dec 2019 09:06:49 GMT" time="14.334" errors="0">
  <testcase name="validateSite" time="14.334" classname="qantas.task.QantasTest"/>
</testsuite> <!-- qantas.task.QantasTest -->
